<?xml version="1.0" encoding="UTF-8"?>
<testsuite xmlns:xsi="http://www.w3.org/2001/XMLSchema-instance" xsi:noNamespaceSchemaLocation="https://maven.apache.org/surefire/maven-surefire-plugin/xsd/surefire-test-report-3.0.xsd" version="3.0" name="com.example.demo.DemoApplicationTests" time="10.655" tests="1" errors="0" skipped="0" failures="0">
  <properties>
[...]
</properties>
  <testcase name="contextLoads" classname="com.example.demo.DemoApplicationTests" time="2.867">
    <system-out><![CDATA[14:41:30.746 [main] INFO org.springframework.test.context.support.AnnotationConfigContextLoaderUtils -- Could not detect default configuration classes for test class [com.example.demo.DemoApplicationTests]: DemoApplicationTests does not declare any static, non-private, non-final, nested classes annotated with @Configuration.
14:41:31.005 [main] INFO org.springframework.boot.test.context.SpringBootTestContextBootstrapper -- Found @SpringBootConfiguration com.example.demo.DemoApplication for test class com.example.demo.DemoApplicationTests

  .   ____          _            __ _ _
 /\\ / ___'_ __ _ _(_)_ __  __ _ \ \ \ \
( ( )\___ | '_ | '_| | '_ \/ _` | \ \ \ \
 \\/  ___)| |_)| | | | | || (_| |  ) ) ) )
  '  |____| .__|_| |_|_| |_\__, | / / / /
 =========|_|==============|___/=/_/_/_/
 :: Spring Boot ::                (v3.2.0)

2025-12-28 14:41:31 - Starting DemoApplicationTests using Java 21.0.9 with PID 11340 (started by abdel in C:\Users\abdel\Documents\1- ENSA Marrakech\Java\1- Projet de Fin Module\SatoshiVault\backend)
2025-12-28 14:41:31 - Running with Spring Boot v3.2.0, Spring v6.1.1
2025-12-28 14:41:31 - No active profile set, falling back to 1 default profile: "default"
2025-12-28 14:41:35 - 

Using generated security password: 77150287-d777-4ce4-9c90-f0e8f868bdda

This generated password is for development use only. Your security configuration must be updated before running your application in production.

2025-12-28 14:41:35 - Will secure any request with [org.springframework.security.web.session.DisableEncodeUrlFilter@53eba4b8, org.springframework.security.web.context.request.async.WebAsyncManagerIntegrationFilter@437bd805, org.springframework.security.web.context.SecurityContextHolderFilter@2443135, org.springframework.security.web.header.HeaderWriterFilter@34d480b9, org.springframework.web.filter.CorsFilter@4b88ca8e, org.springframework.security.web.authentication.logout.LogoutFilter@6467ddc7, org.springframework.security.web.savedrequest.RequestCacheAwareFilter@30bbcf91, org.springframework.security.web.servletapi.SecurityContextHolderAwareRequestFilter@3ca14cf4, org.springframework.security.web.authentication.AnonymousAuthenticationFilter@6fa02932, org.springframework.security.web.session.SessionManagementFilter@2bb62414, org.springframework.security.web.access.ExceptionTranslationFilter@467045c4, org.springframework.security.web.access.intercept.AuthorizationFilter@1ab14636]
2025-12-28 14:41:37 - Exposing 1 endpoint(s) beneath base path '/actuator'
2025-12-28 14:41:37 - Started DemoApplicationTests in 5.879 seconds (process running for 8.523)
]]></system-out>
    <system-err><![CDATA[WARNING: A Java agent has been loaded dynamically (C:\Users\abdel\.m2\repository\net\bytebuddy\byte-buddy-agent\1.14.10\byte-buddy-agent-1.14.10.jar)
WARNING: If a serviceability tool is in use, please run with -XX:+EnableDynamicAgentLoading to hide this warning
WARNING: If a serviceability tool is not in use, please run with -Djdk.instrument.traceUsage for more information
WARNING: Dynamic loading of agents will be disallowed by default in a future release
]]></system-err>
  </testcase>
</testsuite>