<?xml version="1.0" encoding="UTF-8"?>
<testsuite xmlns:xsi="http://www.w3.org/2001/XMLSchema-instance" xsi:noNamespaceSchemaLocation="https://maven.apache.org/surefire/maven-surefire-plugin/xsd/surefire-test-report-3.0.xsd" version="3.0" name="com.example.demo.DemoApplicationTests" time="5.248" tests="1" errors="0" skipped="0" failures="0">
  <properties>
[...]
</properties>
  <testcase name="contextLoads" classname="com.example.demo.DemoApplicationTests" time="0.65">
    <system-out><![CDATA[13:33:44.720 [main] INFO org.springframework.test.context.support.AnnotationConfigContextLoaderUtils -- Could not detect default configuration classes for test class [com.example.demo.DemoApplicationTests]: DemoApplicationTests does not declare any static, non-private, non-final, nested classes annotated with @Configuration.
13:33:44.893 [main] INFO org.springframework.boot.test.context.SpringBootTestContextBootstrapper -- Found @SpringBootConfiguration com.example.demo.DemoApplication for test class com.example.demo.DemoApplicationTests

  .   ____          _            __ _ _
 /\\ / ___'_ __ _ _(_)_ __  __ _ \ \ \ \
( ( )\___ | '_ | '_| | '_ \/ _` | \ \ \ \
 \\/  ___)| |_)| | | | | || (_| |  ) ) ) )
  '  |____| .__|_| |_|_| |_\__, | / / / /
 =========|_|==============|___/=/_/_/_/
 :: Spring Boot ::                (v3.2.0)

2025-12-28 13:33:45 - Starting DemoApplicationTests using Java 25.0.1 with PID 4116 (started by anass in C:\Users\anass\Desktop\satoshivault\SatoshiVault\backend)
2025-12-28 13:33:45 - Running with Spring Boot v3.2.0, Spring v6.1.1
2025-12-28 13:33:45 - No active profile set, falling back to 1 default profile: "default"
2025-12-28 13:33:47 - 

Using generated security password: 0b79b905-9242-4143-b9ed-9b3d3bc7f603

This generated password is for development use only. Your security configuration must be updated before running your application in production.

2025-12-28 13:33:48 - Will secure any request with [org.springframework.security.web.session.DisableEncodeUrlFilter@2dafae61, org.springframework.security.web.context.request.async.WebAsyncManagerIntegrationFilter@7a2fce12, org.springframework.security.web.context.SecurityContextHolderFilter@77cb452c, org.springframework.security.web.header.HeaderWriterFilter@59838256, org.springframework.web.filter.CorsFilter@66e17eff, org.springframework.security.web.authentication.logout.LogoutFilter@36bed37a, org.springframework.security.web.savedrequest.RequestCacheAwareFilter@2c26ba07, org.springframework.security.web.servletapi.SecurityContextHolderAwareRequestFilter@6f25bf88, org.springframework.security.web.authentication.AnonymousAuthenticationFilter@4bb1b96b, org.springframework.security.web.session.SessionManagementFilter@4262fdeb, org.springframework.security.web.access.ExceptionTranslationFilter@2b53840a, org.springframework.security.web.access.intercept.AuthorizationFilter@73c48264]
2025-12-28 13:33:48 - Exposing 1 endpoint(s) beneath base path '/actuator'
2025-12-28 13:33:48 - Started DemoApplicationTests in 3.863 seconds (process running for 5.463)
]]></system-out>
    <system-err><![CDATA[WARNING: A Java agent has been loaded dynamically (C:\Users\anass\.m2\repository\net\bytebuddy\byte-buddy-agent\1.14.10\byte-buddy-agent-1.14.10.jar)
WARNING: If a serviceability tool is in use, please run with -XX:+EnableDynamicAgentLoading to hide this warning
WARNING: If a serviceability tool is not in use, please run with -Djdk.instrument.traceUsage for more information
WARNING: Dynamic loading of agents will be disallowed by default in a future release
]]></system-err>
  </testcase>
</testsuite>